{"/home/douglasdennys/Projects/tests/escribo-02/domain/game.js": {"path":"/home/douglasdennys/Projects/tests/escribo-02/domain/game.js","all":false,"statementMap":{"0":{"start":{"line":1,"column":0},"end":{"line":1,"column":30}},"1":{"start":{"line":2,"column":0},"end":{"line":2,"column":0}},"2":{"start":{"line":3,"column":0},"end":{"line":3,"column":21}},"3":{"start":{"line":4,"column":0},"end":{"line":4,"column":0}},"4":{"start":{"line":5,"column":0},"end":{"line":5,"column":44}},"5":{"start":{"line":6,"column":0},"end":{"line":6,"column":24}},"6":{"start":{"line":7,"column":0},"end":{"line":7,"column":26}},"7":{"start":{"line":8,"column":0},"end":{"line":8,"column":32}},"8":{"start":{"line":9,"column":0},"end":{"line":9,"column":24}},"9":{"start":{"line":10,"column":0},"end":{"line":10,"column":3}},"10":{"start":{"line":11,"column":0},"end":{"line":11,"column":0}},"11":{"start":{"line":12,"column":0},"end":{"line":12,"column":26}},"12":{"start":{"line":13,"column":0},"end":{"line":13,"column":40}},"13":{"start":{"line":14,"column":0},"end":{"line":14,"column":56}},"14":{"start":{"line":15,"column":0},"end":{"line":15,"column":40}},"15":{"start":{"line":16,"column":0},"end":{"line":16,"column":104}},"16":{"start":{"line":17,"column":0},"end":{"line":17,"column":102}},"17":{"start":{"line":18,"column":0},"end":{"line":18,"column":22}},"18":{"start":{"line":19,"column":0},"end":{"line":19,"column":124}},"19":{"start":{"line":20,"column":0},"end":{"line":20,"column":93}},"20":{"start":{"line":21,"column":0},"end":{"line":21,"column":5}},"21":{"start":{"line":22,"column":0},"end":{"line":22,"column":21}},"22":{"start":{"line":23,"column":0},"end":{"line":23,"column":123}},"23":{"start":{"line":24,"column":0},"end":{"line":24,"column":93}},"24":{"start":{"line":25,"column":0},"end":{"line":25,"column":5}},"25":{"start":{"line":26,"column":0},"end":{"line":26,"column":2}},"26":{"start":{"line":27,"column":0},"end":{"line":27,"column":50}},"27":{"start":{"line":28,"column":0},"end":{"line":28,"column":79}},"28":{"start":{"line":29,"column":0},"end":{"line":29,"column":4}},"29":{"start":{"line":30,"column":0},"end":{"line":30,"column":19}},"30":{"start":{"line":31,"column":0},"end":{"line":31,"column":3}},"31":{"start":{"line":32,"column":0},"end":{"line":32,"column":0}},"32":{"start":{"line":33,"column":0},"end":{"line":33,"column":14}},"33":{"start":{"line":34,"column":0},"end":{"line":34,"column":49}},"34":{"start":{"line":35,"column":0},"end":{"line":35,"column":56}},"35":{"start":{"line":36,"column":0},"end":{"line":36,"column":60}},"36":{"start":{"line":37,"column":0},"end":{"line":37,"column":107}},"37":{"start":{"line":38,"column":0},"end":{"line":38,"column":21}},"38":{"start":{"line":39,"column":0},"end":{"line":39,"column":5}},"39":{"start":{"line":40,"column":0},"end":{"line":40,"column":2}},"40":{"start":{"line":41,"column":0},"end":{"line":41,"column":47}},"41":{"start":{"line":42,"column":0},"end":{"line":42,"column":40}},"42":{"start":{"line":43,"column":0},"end":{"line":43,"column":3}},"43":{"start":{"line":44,"column":0},"end":{"line":44,"column":2}},"44":{"start":{"line":45,"column":0},"end":{"line":45,"column":15}},"45":{"start":{"line":46,"column":0},"end":{"line":46,"column":69}},"46":{"start":{"line":47,"column":0},"end":{"line":47,"column":34}},"47":{"start":{"line":48,"column":0},"end":{"line":48,"column":27}},"48":{"start":{"line":49,"column":0},"end":{"line":49,"column":73}},"49":{"start":{"line":50,"column":0},"end":{"line":50,"column":32}},"50":{"start":{"line":51,"column":0},"end":{"line":51,"column":96}},"51":{"start":{"line":52,"column":0},"end":{"line":52,"column":83}},"52":{"start":{"line":53,"column":0},"end":{"line":53,"column":21}},"53":{"start":{"line":54,"column":0},"end":{"line":54,"column":5}},"54":{"start":{"line":55,"column":0},"end":{"line":55,"column":19}},"55":{"start":{"line":56,"column":0},"end":{"line":56,"column":3}},"56":{"start":{"line":57,"column":0},"end":{"line":57,"column":2}},"57":{"start":{"line":58,"column":0},"end":{"line":58,"column":11}},"58":{"start":{"line":59,"column":0},"end":{"line":59,"column":26}},"59":{"start":{"line":60,"column":0},"end":{"line":60,"column":25}},"60":{"start":{"line":61,"column":0},"end":{"line":61,"column":39}},"61":{"start":{"line":62,"column":0},"end":{"line":62,"column":41}},"62":{"start":{"line":63,"column":0},"end":{"line":63,"column":29}},"63":{"start":{"line":64,"column":0},"end":{"line":64,"column":27}},"64":{"start":{"line":65,"column":0},"end":{"line":65,"column":13}},"65":{"start":{"line":66,"column":0},"end":{"line":66,"column":7}},"66":{"start":{"line":67,"column":0},"end":{"line":67,"column":5}},"67":{"start":{"line":68,"column":0},"end":{"line":68,"column":3}},"68":{"start":{"line":69,"column":0},"end":{"line":69,"column":1}},"69":{"start":{"line":70,"column":0},"end":{"line":70,"column":0}},"70":{"start":{"line":71,"column":0},"end":{"line":71,"column":30}}},"s":{"0":1,"1":1,"2":1,"3":1,"4":1,"5":1,"6":1,"7":1,"8":1,"9":1,"10":1,"11":1,"12":23,"13":23,"14":23,"15":23,"16":23,"17":23,"18":3,"19":3,"20":3,"21":23,"22":1,"23":1,"24":1,"25":23,"26":23,"27":23,"28":23,"29":23,"30":23,"31":1,"32":1,"33":20,"34":20,"35":20,"36":4,"37":4,"38":4,"39":20,"40":20,"41":20,"42":20,"43":1,"44":1,"45":15,"46":15,"47":15,"48":1,"49":15,"50":0,"51":0,"52":0,"53":0,"54":14,"55":14,"56":1,"57":1,"58":1,"59":1,"60":14,"61":14,"62":1,"63":1,"64":1,"65":1,"66":14,"67":1,"68":1,"69":1,"70":1},"branchMap":{"0":{"type":"branch","line":5,"loc":{"start":{"line":5,"column":2},"end":{"line":10,"column":3}},"locations":[{"start":{"line":5,"column":2},"end":{"line":10,"column":3}}]},"1":{"type":"branch","line":12,"loc":{"start":{"line":12,"column":2},"end":{"line":31,"column":3}},"locations":[{"start":{"line":12,"column":2},"end":{"line":31,"column":3}}]},"2":{"type":"branch","line":18,"loc":{"start":{"line":18,"column":21},"end":{"line":21,"column":5}},"locations":[{"start":{"line":18,"column":21},"end":{"line":21,"column":5}}]},"3":{"type":"branch","line":22,"loc":{"start":{"line":22,"column":20},"end":{"line":25,"column":5}},"locations":[{"start":{"line":22,"column":20},"end":{"line":25,"column":5}}]},"4":{"type":"branch","line":16,"loc":{"start":{"line":16,"column":47},"end":{"line":16,"column":92}},"locations":[{"start":{"line":16,"column":47},"end":{"line":16,"column":92}}]},"5":{"type":"branch","line":17,"loc":{"start":{"line":17,"column":45},"end":{"line":17,"column":90}},"locations":[{"start":{"line":17,"column":45},"end":{"line":17,"column":90}}]},"6":{"type":"branch","line":33,"loc":{"start":{"line":33,"column":2},"end":{"line":43,"column":3}},"locations":[{"start":{"line":33,"column":2},"end":{"line":43,"column":3}}]},"7":{"type":"branch","line":36,"loc":{"start":{"line":36,"column":8},"end":{"line":36,"column":59}},"locations":[{"start":{"line":36,"column":8},"end":{"line":36,"column":59}}]},"8":{"type":"branch","line":36,"loc":{"start":{"line":36,"column":59},"end":{"line":39,"column":5}},"locations":[{"start":{"line":36,"column":59},"end":{"line":39,"column":5}}]},"9":{"type":"branch","line":45,"loc":{"start":{"line":45,"column":2},"end":{"line":56,"column":3}},"locations":[{"start":{"line":45,"column":2},"end":{"line":56,"column":3}}]},"10":{"type":"branch","line":46,"loc":{"start":{"line":46,"column":29},"end":{"line":46,"column":58}},"locations":[{"start":{"line":46,"column":29},"end":{"line":46,"column":58}}]},"11":{"type":"branch","line":46,"loc":{"start":{"line":46,"column":29},"end":{"line":46,"column":69}},"locations":[{"start":{"line":46,"column":29},"end":{"line":46,"column":69}}]},"12":{"type":"branch","line":48,"loc":{"start":{"line":48,"column":26},"end":{"line":50,"column":11}},"locations":[{"start":{"line":48,"column":26},"end":{"line":50,"column":11}}]},"13":{"type":"branch","line":49,"loc":{"start":{"line":49,"column":23},"end":{"line":49,"column":64}},"locations":[{"start":{"line":49,"column":23},"end":{"line":49,"column":64}}]},"14":{"type":"branch","line":50,"loc":{"start":{"line":50,"column":5},"end":{"line":56,"column":3}},"locations":[{"start":{"line":50,"column":5},"end":{"line":56,"column":3}}]},"15":{"type":"branch","line":50,"loc":{"start":{"line":50,"column":31},"end":{"line":54,"column":5}},"locations":[{"start":{"line":50,"column":31},"end":{"line":54,"column":5}}]},"16":{"type":"branch","line":58,"loc":{"start":{"line":58,"column":2},"end":{"line":68,"column":3}},"locations":[{"start":{"line":58,"column":2},"end":{"line":68,"column":3}}]},"17":{"type":"branch","line":60,"loc":{"start":{"line":60,"column":24},"end":{"line":67,"column":5}},"locations":[{"start":{"line":60,"column":24},"end":{"line":67,"column":5}}]},"18":{"type":"branch","line":62,"loc":{"start":{"line":62,"column":40},"end":{"line":66,"column":7}},"locations":[{"start":{"line":62,"column":40},"end":{"line":66,"column":7}}]}},"b":{"0":[1],"1":[23],"2":[3],"3":[1],"4":[253],"5":[230],"6":[20],"7":[4],"8":[4],"9":[15],"10":[8],"11":[7],"12":[1],"13":[0],"14":[14],"15":[0],"16":[1],"17":[14],"18":[1]},"fnMap":{"0":{"name":"CobrasEscadas","decl":{"start":{"line":5,"column":2},"end":{"line":10,"column":3}},"loc":{"start":{"line":5,"column":2},"end":{"line":10,"column":3}},"line":5},"1":{"name":"gameRules","decl":{"start":{"line":12,"column":2},"end":{"line":31,"column":3}},"loc":{"start":{"line":12,"column":2},"end":{"line":31,"column":3}},"line":12},"2":{"name":"dice","decl":{"start":{"line":33,"column":2},"end":{"line":43,"column":3}},"loc":{"start":{"line":33,"column":2},"end":{"line":43,"column":3}},"line":33},"3":{"name":"condition","decl":{"start":{"line":45,"column":2},"end":{"line":56,"column":3}},"loc":{"start":{"line":45,"column":2},"end":{"line":56,"column":3}},"line":45},"4":{"name":"jogar","decl":{"start":{"line":58,"column":2},"end":{"line":68,"column":3}},"loc":{"start":{"line":58,"column":2},"end":{"line":68,"column":3}},"line":58}},"f":{"0":1,"1":23,"2":20,"3":15,"4":1}}
,"/home/douglasdennys/Projects/tests/escribo-02/domain/player.js": {"path":"/home/douglasdennys/Projects/tests/escribo-02/domain/player.js","all":false,"statementMap":{"0":{"start":{"line":1,"column":0},"end":{"line":1,"column":14}},"1":{"start":{"line":2,"column":0},"end":{"line":2,"column":13}},"2":{"start":{"line":3,"column":0},"end":{"line":3,"column":17}},"3":{"start":{"line":4,"column":0},"end":{"line":4,"column":16}},"4":{"start":{"line":5,"column":0},"end":{"line":5,"column":3}},"5":{"start":{"line":6,"column":0},"end":{"line":6,"column":0}},"6":{"start":{"line":7,"column":0},"end":{"line":7,"column":27}},"7":{"start":{"line":8,"column":0},"end":{"line":8,"column":32}},"8":{"start":{"line":9,"column":0},"end":{"line":9,"column":3}},"9":{"start":{"line":10,"column":0},"end":{"line":10,"column":0}},"10":{"start":{"line":11,"column":0},"end":{"line":11,"column":21}},"11":{"start":{"line":12,"column":0},"end":{"line":12,"column":50}},"12":{"start":{"line":13,"column":0},"end":{"line":13,"column":3}},"13":{"start":{"line":14,"column":0},"end":{"line":14,"column":0}},"14":{"start":{"line":15,"column":0},"end":{"line":15,"column":28}},"15":{"start":{"line":16,"column":0},"end":{"line":16,"column":37}},"16":{"start":{"line":17,"column":0},"end":{"line":17,"column":23}},"17":{"start":{"line":18,"column":0},"end":{"line":18,"column":3}},"18":{"start":{"line":19,"column":0},"end":{"line":19,"column":1}},"19":{"start":{"line":20,"column":0},"end":{"line":20,"column":0}},"20":{"start":{"line":21,"column":0},"end":{"line":21,"column":23}}},"s":{"0":1,"1":1,"2":1,"3":1,"4":1,"5":1,"6":1,"7":1,"8":1,"9":1,"10":1,"11":66,"12":66,"13":1,"14":1,"15":28,"16":28,"17":28,"18":1,"19":1,"20":1},"branchMap":{"0":{"type":"branch","line":2,"loc":{"start":{"line":2,"column":2},"end":{"line":2,"column":13}},"locations":[{"start":{"line":2,"column":2},"end":{"line":2,"column":13}}]},"1":{"type":"branch","line":7,"loc":{"start":{"line":7,"column":2},"end":{"line":9,"column":3}},"locations":[{"start":{"line":7,"column":2},"end":{"line":9,"column":3}}]},"2":{"type":"branch","line":11,"loc":{"start":{"line":11,"column":2},"end":{"line":13,"column":3}},"locations":[{"start":{"line":11,"column":2},"end":{"line":13,"column":3}}]},"3":{"type":"branch","line":15,"loc":{"start":{"line":15,"column":2},"end":{"line":18,"column":3}},"locations":[{"start":{"line":15,"column":2},"end":{"line":18,"column":3}}]}},"b":{"0":[1],"1":[1],"2":[66],"3":[28]},"fnMap":{"0":{"name":"<instance_members_initializer>","decl":{"start":{"line":2,"column":2},"end":{"line":2,"column":13}},"loc":{"start":{"line":2,"column":2},"end":{"line":2,"column":13}},"line":2},"1":{"name":"Player","decl":{"start":{"line":7,"column":2},"end":{"line":9,"column":3}},"loc":{"start":{"line":7,"column":2},"end":{"line":9,"column":3}},"line":7},"2":{"name":"playerValue","decl":{"start":{"line":11,"column":2},"end":{"line":13,"column":3}},"loc":{"start":{"line":11,"column":2},"end":{"line":13,"column":3}},"line":11},"3":{"name":"appendRound","decl":{"start":{"line":15,"column":2},"end":{"line":18,"column":3}},"loc":{"start":{"line":15,"column":2},"end":{"line":18,"column":3}},"line":15}},"f":{"0":1,"1":1,"2":66,"3":28}}
,"/home/douglasdennys/Projects/tests/escribo-02/utils/calculator.js": {"path":"/home/douglasdennys/Projects/tests/escribo-02/utils/calculator.js","all":false,"statementMap":{"0":{"start":{"line":1,"column":0},"end":{"line":1,"column":18}},"1":{"start":{"line":2,"column":0},"end":{"line":2,"column":11}},"2":{"start":{"line":3,"column":0},"end":{"line":3,"column":54}},"3":{"start":{"line":4,"column":0},"end":{"line":4,"column":3}},"4":{"start":{"line":5,"column":0},"end":{"line":5,"column":0}},"5":{"start":{"line":6,"column":0},"end":{"line":6,"column":18}},"6":{"start":{"line":7,"column":0},"end":{"line":7,"column":41}},"7":{"start":{"line":8,"column":0},"end":{"line":8,"column":2}},"8":{"start":{"line":9,"column":0},"end":{"line":9,"column":1}},"9":{"start":{"line":10,"column":0},"end":{"line":10,"column":13}},"10":{"start":{"line":11,"column":0},"end":{"line":11,"column":56}},"11":{"start":{"line":12,"column":0},"end":{"line":12,"column":3}},"12":{"start":{"line":13,"column":0},"end":{"line":13,"column":1}},"13":{"start":{"line":14,"column":0},"end":{"line":14,"column":0}},"14":{"start":{"line":15,"column":0},"end":{"line":15,"column":33}}},"s":{"0":1,"1":1,"2":40,"3":40,"4":1,"5":1,"6":20,"7":20,"8":1,"9":1,"10":86,"11":86,"12":1,"13":1,"14":1},"branchMap":{"0":{"type":"branch","line":2,"loc":{"start":{"line":2,"column":1},"end":{"line":4,"column":3}},"locations":[{"start":{"line":2,"column":1},"end":{"line":4,"column":3}}]},"1":{"type":"branch","line":6,"loc":{"start":{"line":6,"column":2},"end":{"line":8,"column":2}},"locations":[{"start":{"line":6,"column":2},"end":{"line":8,"column":2}}]},"2":{"type":"branch","line":10,"loc":{"start":{"line":10,"column":1},"end":{"line":12,"column":3}},"locations":[{"start":{"line":10,"column":1},"end":{"line":12,"column":3}}]},"3":{"type":"branch","line":11,"loc":{"start":{"line":11,"column":24},"end":{"line":11,"column":54}},"locations":[{"start":{"line":11,"column":24},"end":{"line":11,"column":54}}]}},"b":{"0":[40],"1":[20],"2":[86],"3":[581]},"fnMap":{"0":{"name":"random","decl":{"start":{"line":2,"column":1},"end":{"line":4,"column":3}},"loc":{"start":{"line":2,"column":1},"end":{"line":4,"column":3}},"line":2},"1":{"name":"randomValues","decl":{"start":{"line":6,"column":2},"end":{"line":8,"column":2}},"loc":{"start":{"line":6,"column":2},"end":{"line":8,"column":2}},"line":6},"2":{"name":"sum","decl":{"start":{"line":10,"column":1},"end":{"line":12,"column":3}},"loc":{"start":{"line":10,"column":1},"end":{"line":12,"column":3}},"line":10}},"f":{"0":40,"1":20,"2":86}}
,"/home/douglasdennys/Projects/tests/escribo-02/utils/storage.js": {"path":"/home/douglasdennys/Projects/tests/escribo-02/utils/storage.js","all":false,"statementMap":{"0":{"start":{"line":1,"column":0},"end":{"line":1,"column":32}},"1":{"start":{"line":2,"column":0},"end":{"line":2,"column":24}},"2":{"start":{"line":3,"column":0},"end":{"line":3,"column":0}},"3":{"start":{"line":4,"column":0},"end":{"line":4,"column":15}},"4":{"start":{"line":5,"column":0},"end":{"line":5,"column":17}},"5":{"start":{"line":6,"column":0},"end":{"line":6,"column":54}},"6":{"start":{"line":7,"column":0},"end":{"line":7,"column":2}},"7":{"start":{"line":8,"column":0},"end":{"line":8,"column":0}},"8":{"start":{"line":9,"column":0},"end":{"line":9,"column":14}},"9":{"start":{"line":10,"column":0},"end":{"line":10,"column":69}},"10":{"start":{"line":11,"column":0},"end":{"line":11,"column":27}},"11":{"start":{"line":12,"column":0},"end":{"line":12,"column":2}},"12":{"start":{"line":13,"column":0},"end":{"line":13,"column":1}},"13":{"start":{"line":14,"column":0},"end":{"line":14,"column":0}},"14":{"start":{"line":15,"column":0},"end":{"line":15,"column":30}}},"s":{"0":1,"1":1,"2":1,"3":1,"4":1,"5":1,"6":1,"7":1,"8":1,"9":23,"10":23,"11":23,"12":1,"13":1,"14":1},"branchMap":{"0":{"type":"branch","line":5,"loc":{"start":{"line":5,"column":1},"end":{"line":7,"column":2}},"locations":[{"start":{"line":5,"column":1},"end":{"line":7,"column":2}}]},"1":{"type":"branch","line":9,"loc":{"start":{"line":9,"column":1},"end":{"line":12,"column":2}},"locations":[{"start":{"line":9,"column":1},"end":{"line":12,"column":2}}]},"2":{"type":"branch","line":10,"loc":{"start":{"line":10,"column":15},"end":{"line":10,"column":69}},"locations":[{"start":{"line":10,"column":15},"end":{"line":10,"column":69}}]}},"b":{"0":[1],"1":[23],"2":[0]},"fnMap":{"0":{"name":"Storage","decl":{"start":{"line":5,"column":1},"end":{"line":7,"column":2}},"loc":{"start":{"line":5,"column":1},"end":{"line":7,"column":2}},"line":5},"1":{"name":"readJSON","decl":{"start":{"line":9,"column":1},"end":{"line":12,"column":2}},"loc":{"start":{"line":9,"column":1},"end":{"line":12,"column":2}},"line":9}},"f":{"0":1,"1":23}}
}
