TN:
SF:domain/game.js
FN:5,CobrasEscadas
FN:12,gameRules
FN:33,dice
FN:45,condition
FN:58,jogar
FNF:5
FNH:5
FNDA:1,CobrasEscadas
FNDA:23,gameRules
FNDA:20,dice
FNDA:15,condition
FNDA:1,jogar
DA:1,1
DA:2,1
DA:3,1
DA:4,1
DA:5,1
DA:6,1
DA:7,1
DA:8,1
DA:9,1
DA:10,1
DA:11,1
DA:12,1
DA:13,23
DA:14,23
DA:15,23
DA:16,23
DA:17,23
DA:18,23
DA:19,3
DA:20,3
DA:21,3
DA:22,23
DA:23,1
DA:24,1
DA:25,1
DA:26,23
DA:27,23
DA:28,23
DA:29,23
DA:30,23
DA:31,23
DA:32,1
DA:33,1
DA:34,20
DA:35,20
DA:36,20
DA:37,4
DA:38,4
DA:39,4
DA:40,20
DA:41,20
DA:42,20
DA:43,20
DA:44,1
DA:45,1
DA:46,15
DA:47,15
DA:48,15
DA:49,1
DA:50,15
DA:51,0
DA:52,0
DA:53,0
DA:54,0
DA:55,14
DA:56,14
DA:57,1
DA:58,1
DA:59,1
DA:60,1
DA:61,14
DA:62,14
DA:63,1
DA:64,1
DA:65,1
DA:66,1
DA:67,14
DA:68,1
DA:69,1
DA:70,1
DA:71,1
LF:71
LH:67
BRDA:5,0,0,1
BRDA:12,1,0,23
BRDA:18,2,0,3
BRDA:22,3,0,1
BRDA:16,4,0,253
BRDA:17,5,0,230
BRDA:33,6,0,20
BRDA:36,7,0,4
BRDA:36,8,0,4
BRDA:45,9,0,15
BRDA:46,10,0,8
BRDA:46,11,0,7
BRDA:48,12,0,1
BRDA:49,13,0,0
BRDA:50,14,0,14
BRDA:50,15,0,0
BRDA:58,16,0,1
BRDA:60,17,0,14
BRDA:62,18,0,1
BRF:19
BRH:17
end_of_record
TN:
SF:domain/player.js
FN:2,<instance_members_initializer>
FN:7,Player
FN:11,playerValue
FN:15,appendRound
FNF:4
FNH:4
FNDA:1,<instance_members_initializer>
FNDA:1,Player
FNDA:66,playerValue
FNDA:28,appendRound
DA:1,1
DA:2,1
DA:3,1
DA:4,1
DA:5,1
DA:6,1
DA:7,1
DA:8,1
DA:9,1
DA:10,1
DA:11,1
DA:12,66
DA:13,66
DA:14,1
DA:15,1
DA:16,28
DA:17,28
DA:18,28
DA:19,1
DA:20,1
DA:21,1
LF:21
LH:21
BRDA:2,0,0,1
BRDA:7,1,0,1
BRDA:11,2,0,66
BRDA:15,3,0,28
BRF:4
BRH:4
end_of_record
TN:
SF:utils/calculator.js
FN:2,random
FN:6,randomValues
FN:10,sum
FNF:3
FNH:3
FNDA:40,random
FNDA:20,randomValues
FNDA:86,sum
DA:1,1
DA:2,1
DA:3,40
DA:4,40
DA:5,1
DA:6,1
DA:7,20
DA:8,20
DA:9,1
DA:10,1
DA:11,86
DA:12,86
DA:13,1
DA:14,1
DA:15,1
LF:15
LH:15
BRDA:2,0,0,40
BRDA:6,1,0,20
BRDA:10,2,0,86
BRDA:11,3,0,581
BRF:4
BRH:4
end_of_record
TN:
SF:utils/storage.js
FN:5,Storage
FN:9,readJSON
FNF:2
FNH:2
FNDA:1,Storage
FNDA:23,readJSON
DA:1,1
DA:2,1
DA:3,1
DA:4,1
DA:5,1
DA:6,1
DA:7,1
DA:8,1
DA:9,1
DA:10,23
DA:11,23
DA:12,23
DA:13,1
DA:14,1
DA:15,1
LF:15
LH:15
BRDA:5,0,0,1
BRDA:9,1,0,23
BRDA:10,2,0,0
BRF:3
BRH:2
end_of_record
